<?xml version="1.0" encoding="UTF-8"?>
<!-- Generated by org.testng.reporters.JUnitReportReporter -->
<testsuite hostname="CANTRN498411L" failures="0" tests="4" name="api.test.Usertests2" time="4.938" errors="0" timestamp="2023-05-01T16:11:47 EDT" skipped="0">
  <testcase classname="api.test.Usertests2" name="testPostUser" time="2.080"/>
  <system-out/>
  <testcase classname="api.test.Usertests2" name="testgetUserByName" time="0.839"/>
  <system-out/>
  <testcase classname="api.test.Usertests2" name="testUpdateUserByName" time="1.195"/>
  <system-out/>
  <testcase classname="api.test.Usertests2" name="testDeleteUserByName" time="0.824"/>
  <system-out/>
</testsuite> <!-- api.test.Usertests2 -->
