<?xml version="1.0" encoding="UTF-8"?>
<!-- Generated by org.testng.reporters.JUnitReportReporter -->
<testsuite hostname="CANTRN498411L" failures="0" tests="4" name="api.test.Usertests" time="5.518" errors="0" timestamp="2023-05-01T14:56:07 EDT" skipped="0">
  <testcase classname="api.test.Usertests" name="testPostUser" time="2.325"/>
  <system-out/>
  <testcase classname="api.test.Usertests" name="testgetUserByName" time="0.971"/>
  <system-out/>
  <testcase classname="api.test.Usertests" name="testUpdateUserByName" time="1.289"/>
  <system-out/>
  <testcase classname="api.test.Usertests" name="testDeleteUserByName" time="0.933"/>
  <system-out/>
</testsuite> <!-- api.test.Usertests -->
