<?xml version="1.0" encoding="UTF-8"?>
<!-- Generated by org.testng.reporters.JUnitReportReporter -->
<testsuite hostname="CANTRN498411L" failures="0" tests="4" name="api.test.Usertests2" time="4.189" errors="0" timestamp="2023-05-01T17:15:02 EDT" skipped="0">
  <testcase classname="api.test.Usertests2" name="testPostUser" time="2.003"/>
  <system-out/>
  <testcase classname="api.test.Usertests2" name="testgetUserByName" time="0.731"/>
  <system-out/>
  <testcase classname="api.test.Usertests2" name="testUpdateUserByName" time="1.088"/>
  <system-out/>
  <testcase classname="api.test.Usertests2" name="testDeleteUserByName" time="0.367"/>
  <system-out/>
</testsuite> <!-- api.test.Usertests2 -->
